2020-11-17 10:31:07,639 [main] [com.example.demo.SpringbootMysqlDruidApplication] [INFO] (StartupInfoLogger.java:50)- Starting SpringbootMysqlDruidApplication on DESKTOP-MPF9R39 with PID 9596 (E:\workspace-spring-tool-suite-4-4.1.2.RELEASE\springboot-mysql-druid\target\classes started by zuoruibo in E:\workspace-spring-tool-suite-4-4.1.2.RELEASE\springboot-mysql-druid)
2020-11-17 10:31:07,642 [main] [com.example.demo.SpringbootMysqlDruidApplication] [DEBUG] (StartupInfoLogger.java:53)- Running with Spring Boot v2.1.3.RELEASE, Spring v5.1.5.RELEASE
2020-11-17 10:31:07,643 [main] [com.example.demo.SpringbootMysqlDruidApplication] [INFO] (SpringApplication.java:675)- No active profile set, falling back to default profiles: default
2020-11-17 10:45:51,704 [main] [com.example.demo.SpringbootMysqlDruidApplication] [INFO] (StartupInfoLogger.java:50)- Starting SpringbootMysqlDruidApplication on DESKTOP-MPF9R39 with PID 12488 (E:\workspace-spring-tool-suite-4-4.1.2.RELEASE\springboot-mysql-druid\target\classes started by zuoruibo in E:\workspace-spring-tool-suite-4-4.1.2.RELEASE\springboot-mysql-druid)
2020-11-17 10:45:51,706 [main] [com.example.demo.SpringbootMysqlDruidApplication] [DEBUG] (StartupInfoLogger.java:53)- Running with Spring Boot v2.1.3.RELEASE, Spring v5.1.5.RELEASE
2020-11-17 10:45:51,707 [main] [com.example.demo.SpringbootMysqlDruidApplication] [INFO] (SpringApplication.java:675)- No active profile set, falling back to default profiles: default
2020-11-17 10:45:53,634 [main] [com.example.demo.SpringbootMysqlDruidApplication] [INFO] (StartupInfoLogger.java:59)- Started SpringbootMysqlDruidApplication in 2.236 seconds (JVM running for 3.862)
2020-11-17 10:48:55,223 [http-nio-9090-exec-1] [com.example.demo.config.MyHttpInterceptor] [INFO] (MyHttpInterceptor.java:40)- 请求参数, url: http://localhost:9090/error, method: GET, params: null
2020-11-17 10:48:55,717 [http-nio-9090-exec-2] [com.example.demo.config.MyHttpInterceptor] [INFO] (MyHttpInterceptor.java:40)- 请求参数, url: http://localhost:9090/error, method: GET, params: null
2020-11-17 10:48:56,333 [http-nio-9090-exec-3] [com.example.demo.config.MyHttpInterceptor] [INFO] (MyHttpInterceptor.java:40)- 请求参数, url: http://localhost:9090/error, method: GET, params: null
2020-11-17 10:48:56,933 [http-nio-9090-exec-4] [com.example.demo.config.MyHttpInterceptor] [INFO] (MyHttpInterceptor.java:40)- 请求参数, url: http://localhost:9090/error, method: GET, params: null
2020-11-17 10:48:57,567 [http-nio-9090-exec-5] [com.example.demo.config.MyHttpInterceptor] [INFO] (MyHttpInterceptor.java:40)- 请求参数, url: http://localhost:9090/error, method: GET, params: null
2020-11-17 10:48:58,166 [http-nio-9090-exec-6] [com.example.demo.config.MyHttpInterceptor] [INFO] (MyHttpInterceptor.java:40)- 请求参数, url: http://localhost:9090/error, method: GET, params: null
2020-11-17 10:48:58,771 [http-nio-9090-exec-7] [com.example.demo.config.MyHttpInterceptor] [INFO] (MyHttpInterceptor.java:40)- 请求参数, url: http://localhost:9090/error, method: GET, params: null
2020-11-17 10:48:59,383 [http-nio-9090-exec-8] [com.example.demo.config.MyHttpInterceptor] [INFO] (MyHttpInterceptor.java:40)- 请求参数, url: http://localhost:9090/error, method: GET, params: null
2020-11-17 10:48:59,998 [http-nio-9090-exec-9] [com.example.demo.config.MyHttpInterceptor] [INFO] (MyHttpInterceptor.java:40)- 请求参数, url: http://localhost:9090/error, method: GET, params: null
2020-11-17 10:49:00,598 [http-nio-9090-exec-10] [com.example.demo.config.MyHttpInterceptor] [INFO] (MyHttpInterceptor.java:40)- 请求参数, url: http://localhost:9090/error, method: GET, params: null
2020-11-17 10:49:01,215 [http-nio-9090-exec-1] [com.example.demo.config.MyHttpInterceptor] [INFO] (MyHttpInterceptor.java:40)- 请求参数, url: http://localhost:9090/error, method: GET, params: null
2020-11-17 10:49:01,816 [http-nio-9090-exec-2] [com.example.demo.config.MyHttpInterceptor] [INFO] (MyHttpInterceptor.java:40)- 请求参数, url: http://localhost:9090/error, method: GET, params: null
2020-11-17 10:49:10,865 [http-nio-9090-exec-3] [com.example.demo.config.MyHttpInterceptor] [INFO] (MyHttpInterceptor.java:40)- 请求参数, url: http://localhost:9090/error, method: GET, params: null
2020-11-17 10:49:11,474 [http-nio-9090-exec-4] [com.example.demo.config.MyHttpInterceptor] [INFO] (MyHttpInterceptor.java:40)- 请求参数, url: http://localhost:9090/error, method: GET, params: null
2020-11-17 10:49:11,646 [http-nio-9090-exec-5] [com.example.demo.config.MyHttpInterceptor] [INFO] (MyHttpInterceptor.java:40)- 请求参数, url: http://localhost:9090/hello, method: GET, params: null
2020-11-17 10:49:12,069 [http-nio-9090-exec-6] [com.example.demo.config.MyHttpInterceptor] [INFO] (MyHttpInterceptor.java:40)- 请求参数, url: http://localhost:9090/error, method: GET, params: null
2020-11-17 10:49:26,526 [http-nio-9090-exec-8] [com.example.demo.config.MyHttpInterceptor] [INFO] (MyHttpInterceptor.java:40)- 请求参数, url: http://localhost:9090/error, method: GET, params: null
2020-11-17 10:49:27,123 [http-nio-9090-exec-9] [com.example.demo.config.MyHttpInterceptor] [INFO] (MyHttpInterceptor.java:40)- 请求参数, url: http://localhost:9090/error, method: GET, params: null
2020-11-17 10:49:27,424 [http-nio-9090-exec-10] [com.example.demo.config.MyHttpInterceptor] [INFO] (MyHttpInterceptor.java:40)- 请求参数, url: http://localhost:9090/listCities, method: GET, params: null
2020-11-17 10:49:27,449 [http-nio-9090-exec-10] [com.example.demo.vo.CityVo.listCities] [DEBUG] (BaseJdbcLogger.java:145)- ==>  Preparing: select * from city 
2020-11-17 10:49:27,473 [http-nio-9090-exec-10] [com.example.demo.vo.CityVo.listCities] [DEBUG] (BaseJdbcLogger.java:145)- ==> Parameters: 
2020-11-17 10:49:27,525 [http-nio-9090-exec-10] [com.example.demo.vo.CityVo.listCities] [DEBUG] (BaseJdbcLogger.java:145)- <==      Total: 3
2020-11-17 10:50:34,543 [http-nio-9090-exec-3] [com.example.demo.config.MyHttpInterceptor] [INFO] (MyHttpInterceptor.java:40)- 请求参数, url: http://localhost:9090/error, method: GET, params: null
2020-11-17 10:50:35,142 [http-nio-9090-exec-4] [com.example.demo.config.MyHttpInterceptor] [INFO] (MyHttpInterceptor.java:40)- 请求参数, url: http://localhost:9090/error, method: GET, params: null
